Wed Sep 26 15:07:12 IST 2018
===================================================================================================================
ls /home/dev/newDIR/
01
010
02
03
04
05
06
07
08
09
1
10
100
11
12
13
14
15
16
17
18
19
2
20
21
210
22
23
24
25
26
27
28
29
3
30
31
32
33
34
35
36
37
38
39
4
40
41
42
43
44
45
46
47
48
49
5
50
51
510
52
53
54
55
56
57
58
59
6
60
61
610
62
63
64
65
66
67
68
69
7
70
71
72
73
74
75
76
77
78
79
8
80
81
82
83
84
85
86
87
88
89
9
90
91
92
93
94
95
96
97
98
99
A
a1
A1
a10
A10
a2
A2
a3
A3
a4
A4
a5
A5
a6
A6
a7
A7
a8
A8
a9
A9
AA
AA.A

real	0m0.008s
user	0m0.007s
sys	0m0.001s
===================================================================================================================
